This is pdfTeX, Version 3.14159265-2.6-1.40.17 (TeX Live 2016) (preloaded format=pdflatex 2018.3.27)  7 APR 2018 12:53
entering extended mode
 restricted \write18 enabled.
 %&-line parsing enabled.
**JQueuesGuidedTour.tex
(./JQueuesGuidedTour.tex
LaTeX2e <2016/03/31>
Babel <3.9r> and hyphenation patterns for 3 language(s) loaded.
(/usr/share/texlive/texmf-dist/tex/latex/base/book.cls
Document Class: book 2014/09/29 v1.4h Standard LaTeX document class
(/usr/share/texlive/texmf-dist/tex/latex/base/bk12.clo
File: bk12.clo 2014/09/29 v1.4h Standard LaTeX file (size option)
)
\c@part=\count79
\c@chapter=\count80
\c@section=\count81
\c@subsection=\count82
\c@subsubsection=\count83
\c@paragraph=\count84
\c@subparagraph=\count85
\c@figure=\count86
\c@table=\count87
\abovecaptionskip=\skip41
\belowcaptionskip=\skip42
\bibindent=\dimen102
)
(/usr/share/texlive/texmf-dist/tex/latex/xcolor/xcolor.sty
Package: xcolor 2016/05/11 v2.12 LaTeX color extensions (UK)

(/usr/share/texlive/texmf-dist/tex/latex/graphics-cfg/color.cfg
File: color.cfg 2016/01/02 v1.6 sample color configuration
)
Package xcolor Info: Driver file: pdftex.def on input line 225.

(/usr/share/texlive/texmf-dist/tex/latex/graphics-def/pdftex.def
File: pdftex.def 2016/07/10 v0.06j Graphics/color for pdfTeX

(/usr/share/texlive/texmf-dist/tex/generic/oberdiek/infwarerr.sty
Package: infwarerr 2016/05/16 v1.4 Providing info/warning/error messages (HO)
)
(/usr/share/texlive/texmf-dist/tex/generic/oberdiek/ltxcmds.sty
Package: ltxcmds 2016/05/16 v1.23 LaTeX kernel commands for general use (HO)
)
\Gread@gobject=\count88
)
Package xcolor Info: Model `cmy' substituted by `cmy0' on input line 1348.
Package xcolor Info: Model `hsb' substituted by `rgb' on input line 1352.
Package xcolor Info: Model `RGB' extended on input line 1364.
Package xcolor Info: Model `HTML' substituted by `rgb' on input line 1366.
Package xcolor Info: Model `Hsb' substituted by `hsb' on input line 1367.
Package xcolor Info: Model `tHsb' substituted by `hsb' on input line 1368.
Package xcolor Info: Model `HSB' substituted by `hsb' on input line 1369.
Package xcolor Info: Model `Gray' substituted by `gray' on input line 1370.
Package xcolor Info: Model `wave' substituted by `hsb' on input line 1371.
)
(/usr/share/texlive/texmf-dist/tex/latex/float/float.sty
Package: float 2001/11/08 v1.3d Float enhancements (AL)
\c@float@type=\count89
\float@exts=\toks14
\float@box=\box26
\@float@everytoks=\toks15
\@floatcapt=\box27
)
(/usr/share/texlive/texmf-dist/tex/latex/listings/listings.sty
(/usr/share/texlive/texmf-dist/tex/latex/graphics/keyval.sty
Package: keyval 2014/10/28 v1.15 key=value parser (DPC)
\KV@toks@=\toks16
)
\lst@mode=\count90
\lst@gtempboxa=\box28
\lst@token=\toks17
\lst@length=\count91
\lst@currlwidth=\dimen103
\lst@column=\count92
\lst@pos=\count93
\lst@lostspace=\dimen104
\lst@width=\dimen105
\lst@newlines=\count94
\lst@lineno=\count95
\lst@maxwidth=\dimen106

(/usr/share/texlive/texmf-dist/tex/latex/listings/lstmisc.sty
File: lstmisc.sty 2015/06/04 1.6 (Carsten Heinz)
\c@lstnumber=\count96
\lst@skipnumbers=\count97
\lst@framebox=\box29
)
(/usr/share/texlive/texmf-dist/tex/latex/listings/listings.cfg
File: listings.cfg 2015/06/04 1.6 listings configuration
))
Package: listings 2015/06/04 1.6 (Carsten Heinz)

(/usr/share/texlive/texmf-dist/tex/latex/tools/array.sty
Package: array 2014/10/28 v2.4c Tabular extension package (FMi)
\col@sep=\dimen107
\extrarowheight=\dimen108
\NC@list=\toks18
\extratabsurround=\skip43
\backup@length=\skip44
)
(/usr/share/texlive/texmf-dist/tex/latex/geometry/geometry.sty
Package: geometry 2010/09/12 v5.6 Page Geometry

(/usr/share/texlive/texmf-dist/tex/generic/oberdiek/ifpdf.sty
Package: ifpdf 2016/05/14 v3.1 Provides the ifpdf switch
)
(/usr/share/texlive/texmf-dist/tex/generic/oberdiek/ifvtex.sty
Package: ifvtex 2016/05/16 v1.6 Detect VTeX and its facilities (HO)
Package ifvtex Info: VTeX not detected.
)
(/usr/share/texlive/texmf-dist/tex/generic/ifxetex/ifxetex.sty
Package: ifxetex 2010/09/12 v0.6 Provides ifxetex conditional
)
\Gm@cnth=\count98
\Gm@cntv=\count99
\c@Gm@tempcnt=\count100
\Gm@bindingoffset=\dimen109
\Gm@wd@mp=\dimen110
\Gm@odd@mp=\dimen111
\Gm@even@mp=\dimen112
\Gm@layoutwidth=\dimen113
\Gm@layoutheight=\dimen114
\Gm@layouthoffset=\dimen115
\Gm@layoutvoffset=\dimen116
\Gm@dimlist=\toks19
)
(/usr/share/texlive/texmf-dist/tex/latex/graphics/graphicx.sty
Package: graphicx 2014/10/28 v1.0g Enhanced LaTeX Graphics (DPC,SPQR)

(/usr/share/texlive/texmf-dist/tex/latex/graphics/graphics.sty
Package: graphics 2016/05/09 v1.0r Standard LaTeX Graphics (DPC,SPQR)

(/usr/share/texlive/texmf-dist/tex/latex/graphics/trig.sty
Package: trig 2016/01/03 v1.10 sin cos tan (DPC)
)
(/usr/share/texlive/texmf-dist/tex/latex/graphics-cfg/graphics.cfg
File: graphics.cfg 2016/01/02 v1.10 sample graphics configuration
)
Package graphics Info: Driver file: pdftex.def on input line 96.
)
\Gin@req@height=\dimen117
\Gin@req@width=\dimen118
)
(/usr/share/texlive/texmf-dist/tex/latex/tools/longtable.sty
Package: longtable 2014/10/28 v4.11 Multi-page Table package (DPC)
\LTleft=\skip45
\LTright=\skip46
\LTpre=\skip47
\LTpost=\skip48
\LTchunksize=\count101
\LTcapwidth=\dimen119
\LT@head=\box30
\LT@firsthead=\box31
\LT@foot=\box32
\LT@lastfoot=\box33
\LT@cols=\count102
\LT@rows=\count103
\c@LT@tables=\count104
\c@LT@chunks=\count105
\LT@p@ftn=\toks20
)
(/usr/share/texlive/texmf-dist/tex/latex/tabu/tabu.sty
Package: tabu 2011/02/26 v2.8 - flexible LaTeX tabulars (FC)

(/usr/share/texlive/texmf-dist/tex/latex/varwidth/varwidth.sty
Package: varwidth 2009/03/30 ver 0.92;  Variable-width minipages
\@vwid@box=\box34
\sift@deathcycles=\count106
\@vwid@loff=\dimen120
\@vwid@roff=\dimen121
)
\c@taburow=\count107
\tabu@nbcols=\count108
\tabu@cnt=\count109
\tabu@Xcol=\count110
\tabu@alloc=\count111
\tabu@nested=\count112
\tabu@target=\dimen122
\tabu@spreadtarget=\dimen123
\tabu@naturalX=\dimen124
\tabucolX=\dimen125
\tabu@Xsum=\dimen126
\extrarowdepth=\dimen127
\abovetabulinesep=\dimen128
\belowtabulinesep=\dimen129
\tabustrutrule=\dimen130
\tabu@thebody=\toks21
\tabu@footnotes=\toks22
\tabu@box=\box35
\tabu@arstrutbox=\box36
\tabu@hleads=\box37
\tabu@vleads=\box38
\tabu@cellskip=\skip49
)
(/usr/share/texlive/texmf-dist/tex/latex/cite/cite.sty
LaTeX Info: Redefining \cite on input line 302.
LaTeX Info: Redefining \nocite on input line 332.
Package: cite 2015/02/27  v 5.5
)
(/usr/share/texlive/texmf-dist/tex/latex/url/url.sty
\Urlmuskip=\muskip10
Package: url 2013/09/16  ver 3.4  Verb mode for urls, etc.
)
(/usr/share/texlive/texmf-dist/tex/latex/listings/lstlang1.sty
File: lstlang1.sty 2015/06/04 1.6 listings language file
)
\@float@every@lstfloat=\toks23
\c@lstfloat=\count113

(./JQueuesGuidedTour.aux)
\openout1 = `JQueuesGuidedTour.aux'.

LaTeX Font Info:    Checking defaults for OML/cmm/m/it on input line 45.
LaTeX Font Info:    ... okay on input line 45.
LaTeX Font Info:    Checking defaults for T1/cmr/m/n on input line 45.
LaTeX Font Info:    ... okay on input line 45.
LaTeX Font Info:    Checking defaults for OT1/cmr/m/n on input line 45.
LaTeX Font Info:    ... okay on input line 45.
LaTeX Font Info:    Checking defaults for OMS/cmsy/m/n on input line 45.
LaTeX Font Info:    ... okay on input line 45.
LaTeX Font Info:    Checking defaults for OMX/cmex/m/n on input line 45.
LaTeX Font Info:    ... okay on input line 45.
LaTeX Font Info:    Checking defaults for U/cmr/m/n on input line 45.
LaTeX Font Info:    ... okay on input line 45.

(/usr/share/texlive/texmf-dist/tex/context/base/mkii/supp-pdf.mkii
[Loading MPS to PDF converter (version 2006.09.02).]
\scratchcounter=\count114
\scratchdimen=\dimen131
\scratchbox=\box39
\nofMPsegments=\count115
\nofMParguments=\count116
\everyMPshowfont=\toks24
\MPscratchCnt=\count117
\MPscratchDim=\dimen132
\MPnumerator=\count118
\makeMPintoPDFobject=\count119
\everyMPtoPDFconversion=\toks25
) (/usr/share/texlive/texmf-dist/tex/generic/oberdiek/pdftexcmds.sty
Package: pdftexcmds 2016/05/21 v0.22 Utility functions of pdfTeX for LuaTeX (HO
)

(/usr/share/texlive/texmf-dist/tex/generic/oberdiek/ifluatex.sty
Package: ifluatex 2016/05/16 v1.4 Provides the ifluatex switch (HO)
Package ifluatex Info: LuaTeX not detected.
)
Package pdftexcmds Info: LuaTeX not detected.
Package pdftexcmds Info: \pdf@primitive is available.
Package pdftexcmds Info: \pdf@ifprimitive is available.
Package pdftexcmds Info: \pdfdraftmode found.
)
(/usr/share/texlive/texmf-dist/tex/latex/oberdiek/epstopdf-base.sty
Package: epstopdf-base 2016/05/15 v2.6 Base part for package epstopdf

(/usr/share/texlive/texmf-dist/tex/latex/oberdiek/grfext.sty
Package: grfext 2016/05/16 v1.2 Manage graphics extensions (HO)

(/usr/share/texlive/texmf-dist/tex/generic/oberdiek/kvdefinekeys.sty
Package: kvdefinekeys 2016/05/16 v1.4 Define keys (HO)
))
(/usr/share/texlive/texmf-dist/tex/latex/oberdiek/kvoptions.sty
Package: kvoptions 2016/05/16 v3.12 Key value format for package options (HO)

(/usr/share/texlive/texmf-dist/tex/generic/oberdiek/kvsetkeys.sty
Package: kvsetkeys 2016/05/16 v1.17 Key value parser (HO)

(/usr/share/texlive/texmf-dist/tex/generic/oberdiek/etexcmds.sty
Package: etexcmds 2016/05/16 v1.6 Avoid name clashes with e-TeX commands (HO)
Package etexcmds Info: Could not find \expanded.
(etexcmds)             That can mean that you are not using pdfTeX 1.50 or
(etexcmds)             that some package has redefined \expanded.
(etexcmds)             In the latter case, load this package earlier.
)))
Package epstopdf-base Info: Redefining graphics rule for `.eps' on input line 4
38.
Package grfext Info: Graphics extension search list:
(grfext)             [.png,.pdf,.jpg,.mps,.jpeg,.jbig2,.jb2,.PNG,.PDF,.JPG,.JPE
G,.JBIG2,.JB2,.eps]
(grfext)             \AppendGraphicsExtensions on input line 456.

(/usr/share/texlive/texmf-dist/tex/latex/latexconfig/epstopdf-sys.cfg
File: epstopdf-sys.cfg 2010/07/13 v1.3 Configuration of (r)epstopdf for TeX Liv
e
))
\c@lstlisting=\count120

*geometry* driver: auto-detecting
*geometry* detected driver: pdftex
*geometry* verbose mode - [ preamble ] result:
* driver: pdftex
* paper: <default>
* layout: <same size as paper>
* layoutoffset:(h,v)=(0.0pt,0.0pt)
* modes: twoside 
* h-part:(L,W,R)=(73.71613pt, 430.00462pt, 110.57425pt)
* v-part:(T,H,B)=(95.39737pt, 556.47656pt, 143.09605pt)
* \paperwidth=614.295pt
* \paperheight=794.96999pt
* \textwidth=430.00462pt
* \textheight=556.47656pt
* \oddsidemargin=1.44614pt
* \evensidemargin=38.30426pt
* \topmargin=-8.74641pt
* \headheight=12.0pt
* \headsep=19.8738pt
* \topskip=12.0pt
* \footskip=30.0pt
* \marginparwidth=98.0pt
* \marginparsep=7.0pt
* \columnsep=10.0pt
* \skip\footins=10.8pt plus 4.0pt minus 2.0pt
* \hoffset=0.0pt
* \voffset=0.0pt
* \mag=1000
* \@twocolumnfalse
* \@twosidetrue
* \@mparswitchtrue
* \@reversemarginfalse
* (1in=72.27pt=25.4mm, 1cm=28.453pt)

LaTeX Font Info:    External font `cmex10' loaded for size
(Font)              <14.4> on input line 47.
LaTeX Font Info:    External font `cmex10' loaded for size
(Font)              <7> on input line 47.
[1


{/usr/share/texlive/texmf-dist/fonts/map/pdftex/updmap/pdftex.map}] [2

]
(./sec/preface.tex [3]) [4]
Chapter 1.
(./sec/intro.tex
Overfull \hbox (0.56313pt too wide) in paragraph at lines 20--37
\OT1/cmr/m/n/12 sched-ule avail-able shared re-sources like pro-ces-sors, mem-o
ry, and net-work ports among
 []


Underfull \vbox (badness 1371) has occurred while \output is active []

 [5

]
LaTeX Font Info:    External font `cmex10' loaded for size
(Font)              <12> on input line 85.
LaTeX Font Info:    External font `cmex10' loaded for size
(Font)              <8> on input line 85.
LaTeX Font Info:    External font `cmex10' loaded for size
(Font)              <6> on input line 85.
LaTeX Font Info:    External font `cmex10' loaded for size
(Font)              <5> on input line 87.
)
[6]
Chapter 2.
(./sec/install.tex
LaTeX Font Info:    Font shape `OT1/cmtt/bx/n' in size <17.28> not available
(Font)              Font shape `OT1/cmtt/m/n' tried instead on input line 5.
LaTeX Font Info:    Try loading font information for OMS+cmr on input line 28.
 (/usr/share/texlive/texmf-dist/tex/latex/base/omscmr.fd
File: omscmr.fd 2014/09/29 v2.5h Standard LaTeX font definitions
)
LaTeX Font Info:    Font shape `OMS/cmr/m/n' in size <12> not available
(Font)              Font shape `OMS/cmsy/m/n' tried instead on input line 28.

[7

]
LaTeX Font Info:    Try loading font information for OML+cmr on input line 70.
 (/usr/share/texlive/texmf-dist/tex/latex/base/omlcmr.fd
File: omlcmr.fd 2014/09/29 v2.5h Standard LaTeX font definitions
)
LaTeX Font Info:    Font shape `OML/cmr/m/n' in size <6> not available
(Font)              Font shape `OML/cmm/m/it' tried instead on input line 70.
LaTeX Font Info:    Font shape `OT1/cmtt/bx/n' in size <12> not available
(Font)              Font shape `OT1/cmtt/m/n' tried instead on input line 109.
 [8]) [9] [10

]
Chapter 3.
(./sec/hello-world.tex
LaTeX Font Info:    Font shape `OMS/cmr/m/n' in size <6> not available
(Font)              Font shape `OMS/cmsy/m/n' tried instead on input line 54.
 [11] [12]) [13] [14] [15] [16

]
Chapter 4.
(./sec/events-actions-event-list.tex [17] [18] [19]
LaTeX Font Info:    Font shape `OMS/cmr/m/it' in size <6> not available
(Font)              Font shape `OMS/cmsy/m/n' tried instead on input line 148.
LaTeX Font Info:    Font shape `OML/cmr/m/it' in size <6> not available
(Font)              Font shape `OML/cmm/m/it' tried instead on input line 152.
 [20]
Overfull \hbox (2.99838pt too wide) in paragraph at lines 272--278
[]\OT1/cmr/m/n/12 So, there are dif-fer-ent ways of at-tach-ing a [][][] to a [
][][].
 []

[21] [22] [23] [24]
Overfull \hbox (39.14825pt too wide) in paragraph at lines 524--527
[]\OT1/cmr/m/n/12 We con-clude with an overview of non-scheduling re-lated util
-ity meth-ods of [][][]: 
 []


LaTeX Warning: Reference `sec:events-eventlists-actions:simultaneous-events' on
 page 25 undefined on input line 547.


Overfull \hbox (25.4123pt too wide) in paragraph at lines 540--548
\OT1/cmr/m/n/12 two events have iden-ti-cal sched-ule times? The short an-swer 
is: The [][][]
 []

[25] [26] [27] [28]

LaTeX Warning: Float too large for page by 121.65674pt on input line 979.


LaTeX Warning: Reference `chap:events-eventlists-actions' on page 29 undefined 
on input line 993.


LaTeX Warning: Reference `sec:PS' on page 29 undefined on input line 1007.

[29] [30] [31] [32]
Underfull \vbox (badness 1990) has occurred while \output is active []

 [33]

LaTeX Warning: Reference `sec:guided:simqueue-composite' on page 34 undefined o
n input line 1256.

LaTeX Font Info:    Font shape `OT1/cmtt/bx/n' in size <14.4> not available
(Font)              Font shape `OT1/cmtt/m/n' tried instead on input line 1260.


Underfull \vbox (badness 10000) detected at line 1281
 []


LaTeX Warning: `h' float specifier changed to `ht'.

) [34] [35] [36

]
Chapter 5.
(./sec/entities.tex
Overfull \hbox (4.21548pt too wide) in paragraph at lines 7--9
[]\OT1/cmr/m/n/12 The [][][] pack-age named [][][] is a li-brary for (single-th
readed) discrete-
 []

[37]
Overfull \hbox (63.39444pt too wide) in paragraph at lines 43--52
\OT1/cmr/m/n/12 method, un-til it has reached a spe-cific sim-u-la-tion time th
rough the [][][][][]
 []


Overfull \hbox (18.00159pt too wide) in paragraph at lines 84--93
\OT1/cmr/m/n/12 event-list pro-cess-ing) to reg-is-tered lis-ten-ers, which are
 of type [][][].
 []


Overfull \hbox (130.13606pt too wide) in paragraph at lines 84--93
\OT1/cmr/m/n/12 through the [][][][][] and [][][][][]
 []

[38] [39]
<fig/SimpleSimulationOverview.png, id=148, 597.73312pt x 420.82219pt>
File: fig/SimpleSimulationOverview.png Graphic file (type png)

<use fig/SimpleSimulationOverview.png>
Package pdftex.def Info: fig/SimpleSimulationOverview.png used on input line 16
9.
(pdftex.def)             Requested size: 430.00462pt x 302.7413pt.


LaTeX Warning: `h' float specifier changed to `ht'.

[40]
Underfull \vbox (badness 4792) has occurred while \output is active []

 [41 <./fig/SimpleSimulationOverview.png>]
Overfull \hbox (0.66214pt too wide) in paragraph at lines 248--273
[]\OT1/cmr/m/n/12 However, be-fore do-ing any-thing, the ar-rival op-er-a-tion 
in-vokes the so-called [][][]
 []


LaTeX Warning: Reference `chap:entities-queues-jobs' on page 42 undefined on in
put line 337.

[42]
Overfull \hbox (44.15244pt too wide) in paragraph at lines 416--418
[]\OT1/cmr/m/n/12 Simulation en-ti-ties must al-ways re-port any change to thei
r state through [][][][][]
 []

[43] [44]
Overfull \hbox (3.54381pt too wide) in paragraph at lines 509--515
\OT1/cmr/m/n/12 In this sec-tion, hav-ing seen al-most all as-pects of [][][]s,
 [][][]s, and [][][]s,
 []

[45]) [46]
Chapter 6.
(./sec/listeners.tex
Overfull \hbox (75.65187pt too wide) in paragraph at lines 16--28
[]\OT1/cmr/m/n/12 In the ex-am-ple of List-ing 3.1[], we used a con-ve-nience m
ethod [][][]
 []

[47

]
Overfull \hbox (4.18144pt too wide) in paragraph at lines 244--261
\OT1/cmr/m/n/12 to [][][][][]. Of course, you can over-ride the meth-ods in [][
][]
 []

[48] [49] [50] [51] [52]) [53] [54

]
Chapter 7.
(./sec/generic-queue-model.tex
Overfull \hbox (107.47543pt too wide) in paragraph at lines 4--25
[][][] \OT1/cmr/m/n/12 you can in-voke this op-er-a-tion through [][][][][][][]
[][][][][][][],
 []


LaTeX Warning: Reference `sec:SocPS' on page 55 undefined on input line 65.


Overfull \hbox (238.33812pt too wide) in paragraph at lines 44--68
\OT1/cmr/m/n/12 achieved through the util-ity method [][][][][][][][][][][][][]
[][][][][][];
 []

[55] [56] <fig/WaitingAndServiceArea.png, id=206, 597.73312pt x 420.82219pt>
File: fig/WaitingAndServiceArea.png Graphic file (type png)

<use fig/WaitingAndServiceArea.png>
Package pdftex.def Info: fig/WaitingAndServiceArea.png used on input line 175.
(pdftex.def)             Requested size: 430.00462pt x 302.7413pt.


LaTeX Warning: `h' float specifier changed to `ht'.


Overfull \hbox (47.31842pt too wide) in paragraph at lines 205--208
[]\OT1/cmr/m/n/12 In or-der for jobs to be el-i-gi-ble to [][][], the queue nee
ds so-called [][][].
 []


Overfull \hbox (69.80359pt too wide) in paragraph at lines 218--231
 [] 
 []


LaTeX Warning: `h' float specifier changed to `ht'.

[57]
Underfull \vbox (badness 2237) has occurred while \output is active []

 [58 <./fig/WaitingAndServiceArea.png>]
Overfull \hbox (13.5101pt too wide) in paragraph at lines 274--288
\OT1/cmr/m/n/12 in fact the de-fault value, as can be see in Ta-ble 5.1[], and 
as long as [][][]
 []


LaTeX Warning: Reference `sec:FCFS_c' on page 59 undefined on input line 296.

[59]

LaTeX Warning: Reference `sec:guided:atomicity' on page 60 undefined on input l
ine 463.

[60] [61] [62] [63] [64]
Underfull \vbox (badness 10000) detected at line 819
 []


LaTeX Warning: Reference `sec:guided:atomicity' on page 65 undefined on input l
ine 843.

[65] [66]
Underfull \vbox (badness 10000) detected at line 900
 []


Overfull \hbox (64.49562pt too wide) in alignment at lines 984--984
 [] [] [] 
 []


Underfull \vbox (badness 10000) detected at line 984
 []


LaTeX Warning: Float too large for page by 78.98929pt on input line 985.


Overfull \vbox (249.17346pt too high) has occurred while \output is active []


[67] [68] [69]
Overfull \hbox (7.07146pt too wide) in paragraph at lines 1010--1019
[]\OT1/cmr/m/n/12 First, the \OT1/cmr/m/it/12 es-sen-tial \OT1/cmr/m/n/12 prop-
er-ties pa-ram-e-ter-ize the func-tional be-hav-ior of the [][][]
 []

) [70]
Chapter 8.
(./sec/generic-job-model.tex
Overfull \hbox (21.2706pt too wide) in paragraph at lines 13--46
 [] 
 []

) [71

] [72]
Chapter 9.
(./sec/utility-scheduling.tex
Overfull \hbox (89.19563pt too wide) in alignment at lines 23--23
 [] [] 
 []


Underfull \vbox (badness 10000) detected at line 23
 []

) [73

]
Overfull \hbox (5.74396pt too wide) has occurred while \output is active
\OT1/cmr/m/n/12 74 \OT1/cmr/m/sl/12 CHAPTER 9.  UTILITY METHODS FOR SCHEDULING 
ON THE EVENT LIST
 []

[74

]
Chapter 10.
(./sec/qos-queus.tex

LaTeX Warning: Reference `sec:multiclass' on page 75 undefined on input line 14
.

[75]
Overfull \hbox (1.19478pt too wide) in paragraph at lines 103--104
[][][][][][][][][][][][][][][][][][][][][][][][][][][][][][][][][][][][][][][] 

 []


Overfull \hbox (23.19475pt too wide) in paragraph at lines 111--112
[][][][][][][][][][][][][][][][][][][][][][][][][][][][][][][][][][][][][][][][
][][][][][][][] 
 []

) [76] [77] [78

]
Chapter 11.
(./sec/composite-queues.tex [79]

LaTeX Warning: Reference `sec:DLIMIT' on page 80 undefined on input line 132.

[80]

LaTeX Warning: Reference `chap:events-eventlists-actions' on page 81 undefined 
on input line 214.

[81] [82]

LaTeX Warning: Reference `chap:composite' on page 83 undefined on input line 30
9.

) [83] [84

]
Chapter 12.
(./sec/queue-implementations.tex) [85] [86

]
Chapter 13.
(./sec/job-implementations.tex
Underfull \vbox (badness 10000) detected at line 15
 []

) [87] [88

]
Chapter 14.
(./sec/statistics.tex) [89] [90

]
Chapter 15.
(./sec/m-m-1.tex) [91] [92

]
Chapter 16.
(./sec/atomicity-invariants.tex
Overfull \hbox (2.1219pt too wide) in paragraph at lines 39--52
[]\OT1/cmr/m/n/12 First, for-get about \OT1/cmr/m/it/12 all \OT1/cmr/m/n/12 oth
er no-ti-fi-ca-tions than [][][], [][][] and [][][][][].
 []

[93]
Overfull \hbox (6.82341pt too wide) in paragraph at lines 53--67
\OT1/cmr/m/n/12 This ex-plains why a [][][][][] no-ti-fi-ca-tion comes with a [
][][] of [][][]s
 []

LaTeX Font Info:    Font shape `OT1/cmtt/bx/it' in size <12> not available
(Font)              Font shape `OT1/cmtt/m/it' tried instead on input line 132.

[94]) [95] [96

]
Chapter 17.
(./sec/further-reading.tex) (./JQueuesGuidedTour.bbl [97] [98

]

LaTeX Warning: Empty `thebibliography' environment on input line 3.

) [99] (./JQueuesGuidedTour.aux)

LaTeX Warning: There were undefined references.

 ) 
Here is how much of TeX's memory you used:
 5481 strings out of 494946
 77726 string characters out of 6180981
 331424 words of memory out of 5000000
 8649 multiletter control sequences out of 15000+600000
 12609 words of font info for 46 fonts, out of 8000000 for 9000
 14 hyphenation exceptions out of 8191
 40i,16n,40p,305b,1510s stack positions out of 5000i,500n,10000p,200000b,80000s
</usr/share/texlive/texmf-dist/fonts/type1/public/amsfonts/cm/cmbx10.pfb></us
r/share/texlive/texmf-dist/fonts/type1/public/amsfonts/cm/cmbx12.pfb></usr/shar
e/texlive/texmf-dist/fonts/type1/public/amsfonts/cm/cmbx6.pfb></usr/share/texli
ve/texmf-dist/fonts/type1/public/amsfonts/cm/cmex10.pfb></usr/share/texlive/tex
mf-dist/fonts/type1/public/amsfonts/cm/cmitt10.pfb></usr/share/texlive/texmf-di
st/fonts/type1/public/amsfonts/cm/cmmi12.pfb></usr/share/texlive/texmf-dist/fon
ts/type1/public/amsfonts/cm/cmmi6.pfb></usr/share/texlive/texmf-dist/fonts/type
1/public/amsfonts/cm/cmmi8.pfb></usr/share/texlive/texmf-dist/fonts/type1/publi
c/amsfonts/cm/cmr10.pfb></usr/share/texlive/texmf-dist/fonts/type1/public/amsfo
nts/cm/cmr12.pfb></usr/share/texlive/texmf-dist/fonts/type1/public/amsfonts/cm/
cmr17.pfb></usr/share/texlive/texmf-dist/fonts/type1/public/amsfonts/cm/cmr6.pf
b></usr/share/texlive/texmf-dist/fonts/type1/public/amsfonts/cm/cmr7.pfb></usr/
share/texlive/texmf-dist/fonts/type1/public/amsfonts/cm/cmr8.pfb></usr/share/te
xlive/texmf-dist/fonts/type1/public/amsfonts/cm/cmsl12.pfb></usr/share/texlive/
texmf-dist/fonts/type1/public/amsfonts/cm/cmsltt10.pfb></usr/share/texlive/texm
f-dist/fonts/type1/public/amsfonts/cm/cmsy10.pfb></usr/share/texlive/texmf-dist
/fonts/type1/public/amsfonts/cm/cmsy6.pfb></usr/share/texlive/texmf-dist/fonts/
type1/public/amsfonts/cm/cmti10.pfb></usr/share/texlive/texmf-dist/fonts/type1/
public/amsfonts/cm/cmti12.pfb></usr/share/texlive/texmf-dist/fonts/type1/public
/amsfonts/cm/cmti7.pfb></usr/share/texlive/texmf-dist/fonts/type1/public/amsfon
ts/cm/cmtt10.pfb></usr/share/texlive/texmf-dist/fonts/type1/public/amsfonts/cm/
cmtt12.pfb>
Output written on JQueuesGuidedTour.pdf (99 pages, 579325 bytes).
PDF statistics:
 421 PDF objects out of 1000 (max. 8388607)
 290 compressed objects within 3 object streams
 0 named destinations out of 1000 (max. 500000)
 11 words of extra memory for PDF output out of 10000 (max. 10000000)

